<?xml version="1.0" encoding="UTF-8"?>
<testsuite xmlns:xsi="http://www.w3.org/2001/XMLSchema-instance" xsi:noNamespaceSchemaLocation="https://maven.apache.org/surefire/maven-surefire-plugin/xsd/surefire-test-report.xsd" name="TestSuite" time="39.129" tests="4" errors="0" skipped="0" failures="0">
  <properties>
[...]
</properties>
  <testcase name="testcase1" classname="testcases.TC_001" time="11.39"/>
  <testcase name="testcase1" classname="testcases.TC_002" time="9.166"/>
  <testcase name="testcase1" classname="testcases.TC_003" time="9.183"/>
  <testcase name="testcase1" classname="testcases.TC_004" time="8.749"/>
</testsuite>