<?xml version="1.0" encoding="UTF-8"?>
<testng-results skipped="0" failed="0" ignored="0" total="4" passed="4">
  <reporter-output>
  </reporter-output>
  <suite name="Suite" duration-ms="38522" started-at="2018-07-19T16:59:47Z" finished-at="2018-07-19T17:00:26Z">
    <groups>
    </groups>
    <test name="Test" duration-ms="38522" started-at="2018-07-19T16:59:47Z" finished-at="2018-07-19T17:00:26Z">
      <class name="testcases.TC_002">
        <test-method status="PASS" signature="testcase1()[pri:0, instance:testcases.TC_002@4973813a]" name="testcase1" duration-ms="9170" started-at="2018-07-19T22:29:59Z" finished-at="2018-07-19T22:30:08Z">
          <reporter-output>
          </reporter-output>
        </test-method> <!-- testcase1 -->
      </class> <!-- testcases.TC_002 -->
      <class name="testcases.TC_001">
        <test-method status="PASS" signature="testcase1()[pri:0, instance:testcases.TC_001@49fc609f]" name="testcase1" duration-ms="11384" started-at="2018-07-19T22:29:47Z" finished-at="2018-07-19T22:29:59Z">
          <reporter-output>
          </reporter-output>
        </test-method> <!-- testcase1 -->
      </class> <!-- testcases.TC_001 -->
      <class name="testcases.TC_004">
        <test-method status="PASS" signature="testcase1()[pri:0, instance:testcases.TC_004@79be0360]" name="testcase1" duration-ms="8749" started-at="2018-07-19T22:30:17Z" finished-at="2018-07-19T22:30:26Z">
          <reporter-output>
          </reporter-output>
        </test-method> <!-- testcase1 -->
      </class> <!-- testcases.TC_004 -->
      <class name="testcases.TC_003">
        <test-method status="PASS" signature="testcase1()[pri:0, instance:testcases.TC_003@6321e813]" name="testcase1" duration-ms="9182" started-at="2018-07-19T22:30:08Z" finished-at="2018-07-19T22:30:17Z">
          <reporter-output>
          </reporter-output>
        </test-method> <!-- testcase1 -->
      </class> <!-- testcases.TC_003 -->
    </test> <!-- Test -->
  </suite> <!-- Suite -->
</testng-results>
