<?xml version="1.0" encoding="UTF-8"?>
<!-- Generated by org.testng.reporters.JUnitXMLReporter -->
<testsuite hostname="SRIHARI" ignored="0" name="Test" tests="4" failures="0" timestamp="19 Jul 2018 17:00:26 GMT" time="38.522" errors="0">
  <testcase name="testcase1" time="11.384" classname="testcases.TC_001"/>
  <testcase name="testcase1" time="9.17" classname="testcases.TC_002"/>
  <testcase name="testcase1" time="9.182" classname="testcases.TC_003"/>
  <testcase name="testcase1" time="8.749" classname="testcases.TC_004"/>
</testsuite> <!-- Test -->
